<?xml version="1.0" encoding="UTF-8"?>
<testng-results ignored="0" total="1" passed="1" failed="0" skipped="0">
  <reporter-output>
  </reporter-output>
  <suite started-at="2024-08-22T12:29:38 IST" name="Default suite" finished-at="2024-08-22T12:30:13 IST" duration-ms="35061">
    <groups>
    </groups>
    <test started-at="2024-08-22T12:29:38 IST" name="Default test" finished-at="2024-08-22T12:30:13 IST" duration-ms="35061">
      <class name="tests.CreateEventTest">
        <test-method is-config="true" signature="classConfig()[pri:0, instance:tests.CreateEventTest@32ee6fee]" started-at="2024-08-22T12:29:38 IST" name="classConfig" finished-at="2024-08-22T12:29:44 IST" duration-ms="5331" status="PASS">
          <reporter-output>
          </reporter-output>
        </test-method> <!-- classConfig -->
        <test-method is-config="true" signature="methodConfig()[pri:0, instance:tests.CreateEventTest@32ee6fee]" started-at="2024-08-22T12:29:44 IST" name="methodConfig" finished-at="2024-08-22T12:29:52 IST" duration-ms="8628" status="PASS">
          <reporter-output>
          </reporter-output>
        </test-method> <!-- methodConfig -->
        <test-method signature="createEventTest()[pri:0, instance:tests.CreateEventTest@32ee6fee]" started-at="2024-08-22T12:29:52 IST" name="createEventTest" finished-at="2024-08-22T12:30:04 IST" duration-ms="11939" status="PASS">
          <reporter-output>
          </reporter-output>
        </test-method> <!-- createEventTest -->
        <test-method is-config="true" signature="methodTeardown()[pri:0, instance:tests.CreateEventTest@32ee6fee]" started-at="2024-08-22T12:30:04 IST" name="methodTeardown" finished-at="2024-08-22T12:30:12 IST" duration-ms="7641" status="PASS">
          <reporter-output>
          </reporter-output>
        </test-method> <!-- methodTeardown -->
        <test-method is-config="true" signature="classTeardown()[pri:0, instance:tests.CreateEventTest@32ee6fee]" started-at="2024-08-22T12:30:12 IST" name="classTeardown" finished-at="2024-08-22T12:30:13 IST" duration-ms="1454" status="PASS">
          <reporter-output>
          </reporter-output>
        </test-method> <!-- classTeardown -->
      </class> <!-- tests.CreateEventTest -->
    </test> <!-- Default test -->
  </suite> <!-- Default suite -->
</testng-results>
